[debug] [2026-02-18T07:37:17.792Z] ----------------------------------------------------------------------
[debug] [2026-02-18T07:37:17.793Z] Command:       C:\nvm4w\nodejs\node.exe C:\Users\zhiya\AppData\Roaming\npm\node_modules\firebase-tools\lib\bin\firebase.js init
[debug] [2026-02-18T07:37:17.793Z] CLI Version:   15.5.1
[debug] [2026-02-18T07:37:17.793Z] Platform:      win32
[debug] [2026-02-18T07:37:17.794Z] Node Version:  v24.12.0
[debug] [2026-02-18T07:37:17.794Z] Time:          Wed Feb 18 2026 15:37:17 GMT+0800 (China Standard Time)
[debug] [2026-02-18T07:37:17.794Z] ----------------------------------------------------------------------
[debug] 
[debug] [2026-02-18T07:37:17.795Z] >>> [apiv2][query] GET https://firebase-public.firebaseio.com/cli.json [none]
[info] 
     ######## #### ########  ######## ########     ###     ######  ########
     ##        ##  ##     ## ##       ##     ##  ##   ##  ##       ##
     ######    ##  ########  ######   ########  #########  ######  ######
     ##        ##  ##    ##  ##       ##     ## ##     ##       ## ##
     ##       #### ##     ## ######## ########  ##     ##  ######  ########

You're about to initialize a Firebase project in this directory:

  C:\Users\zhiya\Dev\React\lycheetech-movingapp

Before we get started, keep in mind:

  * You are initializing within an existing Firebase project directory

[debug] [2026-02-18T07:37:45.523Z] <<< [apiv2][status] GET https://firebase-public.firebaseio.com/cli.json 200
[debug] [2026-02-18T07:37:45.523Z] <<< [apiv2][body] GET https://firebase-public.firebaseio.com/cli.json {"cloudBuildErrorAfter":1594252800000,"cloudBuildWarnAfter":1590019200000,"defaultNode10After":1594252800000,"minVersion":"3.0.5","node8DeploysDisabledAfter":1613390400000,"node8RuntimeDisabledAfter":1615809600000,"node8WarnAfter":1600128000000}
[info] 
=== Project Setup
[info] 
[info] First, let's associate this project directory with a Firebase project.
[info] You can create multiple project aliases by running firebase use --add, 
[info] 
[debug] [2026-02-18T07:38:55.002Z] > command requires scopes: ["email","openid","https://www.googleapis.com/auth/cloudplatformprojects.readonly","https://www.googleapis.com/auth/firebase","https://www.googleapis.com/auth/cloud-platform"]
[debug] [2026-02-18T07:38:55.002Z] > authorizing via signed-in user (iluvcanton@gmail.com)
[debug] [2026-02-18T07:38:55.003Z] Checked if tokens are valid: false, expires at: 1770650282989
[debug] [2026-02-18T07:38:55.003Z] Checked if tokens are valid: false, expires at: 1770650282989
[debug] [2026-02-18T07:38:55.003Z] > refreshing access token with scopes: []
[debug] [2026-02-18T07:38:55.004Z] >>> [apiv2][query] POST https://www.googleapis.com/oauth2/v3/token [none]
[debug] [2026-02-18T07:38:55.004Z] >>> [apiv2][body] POST https://www.googleapis.com/oauth2/v3/token [omitted]
[debug] [2026-02-18T07:38:56.787Z] <<< [apiv2][status] POST https://www.googleapis.com/oauth2/v3/token 200
[debug] [2026-02-18T07:38:56.787Z] <<< [apiv2][body] POST https://www.googleapis.com/oauth2/v3/token [omitted]
[debug] [2026-02-18T07:38:56.805Z] >>> [apiv2][query] GET https://firebase.googleapis.com/v1beta1/projects/lychee-moving [none]
[debug] [2026-02-18T07:38:58.795Z] <<< [apiv2][status] GET https://firebase.googleapis.com/v1beta1/projects/lychee-moving 200
[debug] [2026-02-18T07:38:58.795Z] <<< [apiv2][body] GET https://firebase.googleapis.com/v1beta1/projects/lychee-moving {"projectId":"lychee-moving","projectNumber":"656805707235","displayName":"lychee moving","name":"projects/lychee-moving","resources":{"hostingSite":"lychee-moving"},"state":"ACTIVE","etag":"1_8fd5b06b-80c3-4b95-912f-606d184ae584"}
[info] i  Using project lychee-moving (lychee moving) . 
[info] 
=== Dataconnect Setup
[info] i  dataconnect: ensuring required API firebasedataconnect.googleapis.com is enabled... 
[info] i  dataconnect: ensuring required API sqladmin.googleapis.com is enabled... 
[debug] [2026-02-18T07:38:58.812Z] Checked if tokens are valid: true, expires at: 1771403935787
[debug] [2026-02-18T07:38:58.812Z] Checked if tokens are valid: true, expires at: 1771403935787
[debug] [2026-02-18T07:38:58.812Z] >>> [apiv2][query] GET https://firebasedataconnect.googleapis.com/v1/projects/lychee-moving/locations/-/services [none]
[debug] [2026-02-18T07:39:01.047Z] <<< [apiv2][status] GET https://firebasedataconnect.googleapis.com/v1/projects/lychee-moving/locations/-/services 200
[debug] [2026-02-18T07:39:01.047Z] <<< [apiv2][body] GET https://firebasedataconnect.googleapis.com/v1/projects/lychee-moving/locations/-/services {"services":[{"name":"projects/lychee-moving/locations/northamerica-northeast2/services/lychee-moving-development","createTime":"2026-02-18T07:14:32.135261475Z","updateTime":"2026-02-18T07:14:33.482045553Z","uid":"0078e981-6388-49f7-86b5-e71e585aef99","reconciling":false,"etag":"dzz7ZuPsayi0cWWVA05p1esa-j80p9vAmbx7tUGUcnQ"}]}
[debug] [2026-02-18T07:51:59.312Z] Checked if tokens are valid: true, expires at: 1771403935787
[debug] [2026-02-18T07:51:59.313Z] Checked if tokens are valid: true, expires at: 1771403935787
[debug] [2026-02-18T07:51:59.314Z] >>> [apiv2][query] GET https://firebasedataconnect.googleapis.com/v1/projects/lychee-moving/locations/northamerica-northeast2/services/lychee-moving-development/schemas pageSize=100&pageToken=&fields=schemas.name%2Cschemas.datasources%2Cschemas.source
[debug] [2026-02-18T07:52:02.015Z] <<< [apiv2][status] GET https://firebasedataconnect.googleapis.com/v1/projects/lychee-moving/locations/northamerica-northeast2/services/lychee-moving-development/schemas 200
[debug] [2026-02-18T07:52:02.015Z] <<< [apiv2][body] GET https://firebasedataconnect.googleapis.com/v1/projects/lychee-moving/locations/northamerica-northeast2/services/lychee-moving-development/schemas {"schemas":[{"name":"projects/lychee-moving/locations/northamerica-northeast2/services/lychee-moving-development/schemas/main","source":{},"datasources":[{"postgresql":{"database":"lychee-moving-database","cloudSql":{"instance":"projects/lychee-moving/locations/northamerica-northeast2/instances/lychee-moving-instance-development"},"schemaMigration":"MIGRATE_COMPATIBLE"}}]}]}
[debug] [2026-02-18T07:52:02.016Z] Checked if tokens are valid: true, expires at: 1771403935787
[debug] [2026-02-18T07:52:02.016Z] Checked if tokens are valid: true, expires at: 1771403935787
[debug] [2026-02-18T07:52:02.016Z] >>> [apiv2][query] GET https://firebasedataconnect.googleapis.com/v1/projects/lychee-moving/locations/northamerica-northeast2/services/lychee-moving-development/connectors pageSize=100&pageToken=&fields=connectors.name%2Cconnectors.source.files
[debug] [2026-02-18T07:52:02.327Z] <<< [apiv2][status] GET https://firebasedataconnect.googleapis.com/v1/projects/lychee-moving/locations/northamerica-northeast2/services/lychee-moving-development/connectors 200
[debug] [2026-02-18T07:52:02.327Z] <<< [apiv2][body] GET https://firebasedataconnect.googleapis.com/v1/projects/lychee-moving/locations/northamerica-northeast2/services/lychee-moving-development/connectors {}
[debug] [2026-02-18T07:52:02.327Z] Checked if tokens are valid: true, expires at: 1771403935787
[debug] [2026-02-18T07:52:02.328Z] Checked if tokens are valid: true, expires at: 1771403935787
[debug] [2026-02-18T07:52:02.328Z] >>> [apiv2][query] GET https://cloudbilling.googleapis.com/v1/projects/lychee-moving/billingInfo [none]
[debug] [2026-02-18T07:52:04.451Z] <<< [apiv2][status] GET https://cloudbilling.googleapis.com/v1/projects/lychee-moving/billingInfo 200
[debug] [2026-02-18T07:52:04.452Z] <<< [apiv2][body] GET https://cloudbilling.googleapis.com/v1/projects/lychee-moving/billingInfo {"name":"projects/lychee-moving/billingInfo","projectId":"lychee-moving","billingAccountName":"billingAccounts/017054-F1CAE1-8588A2","billingEnabled":true}
[debug] [2026-02-18T07:52:04.452Z] Checked if tokens are valid: true, expires at: 1771403935787
[debug] [2026-02-18T07:52:04.452Z] Checked if tokens are valid: true, expires at: 1771403935787
[debug] [2026-02-18T07:52:04.452Z] >>> [apiv2][query] GET https://monitoring.googleapis.com/v3/projects/lychee-moving/timeSeries/ filter=metric.type%3D%22serviceruntime.googleapis.com%2Fquota%2Fallocation%2Fusage%22+AND+metric.label.quota_metric+%3D+%22sqladmin.googleapis.com%2Ffdc_lifetime_free_trial_per_project%22&interval.endTime=2026-02-18T07%3A52%3A04.452Z&interval.startTime=2026-02-11T07%3A52%3A04.452Z
[debug] [2026-02-18T07:52:07.525Z] <<< [apiv2][status] GET https://monitoring.googleapis.com/v3/projects/lychee-moving/timeSeries/ 200
[debug] [2026-02-18T07:52:07.525Z] <<< [apiv2][body] GET https://monitoring.googleapis.com/v3/projects/lychee-moving/timeSeries/ {"timeSeries":[{"metric":{"labels":{"quota_metric":"sqladmin.googleapis.com/fdc_lifetime_free_trial_per_project"},"type":"serviceruntime.googleapis.com/quota/allocation/usage"},"resource":{"type":"consumer_quota","labels":{"location":"global","project_id":"lychee-moving","service":"sqladmin.googleapis.com"}},"metricKind":"GAUGE","valueType":"INT64","points":[{"interval":{"startTime":"2026-02-18T03:56:03Z","endTime":"2026-02-18T03:56:03Z"},"value":{"int64Value":"1"}},{"interval":{"startTime":"2026-02-17T14:08:21Z","endTime":"2026-02-17T14:08:21Z"},"value":{"int64Value":"1"}},{"interval":{"startTime":"2026-02-17T03:36:21Z","endTime":"2026-02-17T03:36:21Z"},"value":{"int64Value":"1"}},{"interval":{"startTime":"2026-02-16T14:37:24Z","endTime":"2026-02-16T14:37:24Z"},"value":{"int64Value":"1"}},{"interval":{"startTime":"2026-02-16T02:21:23Z","endTime":"2026-02-16T02:21:23Z"},"value":{"int64Value":"1"}},{"interval":{"startTime":"2026-02-15T15:32:49Z","endTime":"2026-02-15T15:32:49Z"},"value":{"int64Value":"1"}},{"interval":{"startTime":"2026-02-15T04:02:56Z","endTime":"2026-02-15T04:02:56Z"},"value":{"int64Value":"1"}},{"interval":{"startTime":"2026-02-14T14:39:48Z","endTime":"2026-02-14T14:39:48Z"},"value":{"int64Value":"1"}},{"interval":{"startTime":"2026-02-14T03:06:14Z","endTime":"2026-02-14T03:06:14Z"},"value":{"int64Value":"1"}},{"interval":{"startTime":"2026-02-13T14:47:43Z","endTime":"2026-02-13T14:47:43Z"},"value":{"int64Value":"1"}},{"interval":{"startTime":"2026-02-13T04:30:39Z","endTime":"2026-02-13T04:30:39Z"},"value":{"int64Value":"1"}},{"interval":{"startTime":"2026-02-12T13:33:10Z","endTime":"2026-02-12T13:33:10Z"},"value":{"int64Value":"1"}},{"interval":{"startTime":"2026-02-12T04:29:49Z","endTime":"2026-02-12T04:29:49Z"},"value":{"int64Value":"1"}},{"interval":{"startTime":"2026-02-11T13:31:57Z","endTime":"2026-02-11T13:31:57Z"},"value":{"int64Value":"1"}},{"interval":{"startTime":"2026-02-11T12:45:44Z","endTime":"2026-02-11T12:45:44Z"},"value":{"int64Value":"1"}}]}],"unit":"1"}
[warn] !  dataconnect: CloudSQL no cost trial has already been used on this project. 
[info] +  dataconnect: Detected existing apps android\app (android), . (web) 
[info] +  Wrote dataconnect\dataconnect.yaml 
[info] i  Skipping write of dataconnect\example\connector.yaml 
[info] +  Wrote dataconnect\example\connector.yaml 
[info] i  dataconnect: Installing the generated SDKs ... 
[debug] [2026-02-18T07:53:49.198Z] defaultcredentials: writing to file C:\Users\zhiya\AppData\Roaming\firebase\iluvcanton_gmail_com_application_default_credentials.json
[error] !!  dataconnect: Failed to generate Data Connect SDKs
Command failed with exit code 1 
[info] +  dataconnect: Installed generated SDKs for android\app (android) 
[info] 
=== Firestore Setup
[info] i  firestore: ensuring required API firestore.googleapis.com is enabled... 
[debug] [2026-02-18T07:53:49.433Z] Checked if tokens are valid: true, expires at: 1771403935787
[debug] [2026-02-18T07:53:49.433Z] Checked if tokens are valid: true, expires at: 1771403935787
[debug] [2026-02-18T07:53:49.433Z] >>> [apiv2][query] GET https://serviceusage.googleapis.com/v1/projects/lychee-moving/services/firestore.googleapis.com [none]
[debug] [2026-02-18T07:53:49.433Z] >>> [apiv2][(partial)header] GET https://serviceusage.googleapis.com/v1/projects/lychee-moving/services/firestore.googleapis.com  x-goog-user-project=lychee-moving
[debug] [2026-02-18T07:53:51.858Z] <<< [apiv2][status] GET https://serviceusage.googleapis.com/v1/projects/lychee-moving/services/firestore.googleapis.com 200
[debug] [2026-02-18T07:53:51.858Z] <<< [apiv2][body] GET https://serviceusage.googleapis.com/v1/projects/lychee-moving/services/firestore.googleapis.com [omitted]
[info] +  firestore: required API firestore.googleapis.com is enabled 
[debug] [2026-02-18T07:53:51.862Z] Checked if tokens are valid: true, expires at: 1771403935787
[debug] [2026-02-18T07:53:51.862Z] Checked if tokens are valid: true, expires at: 1771403935787
[debug] [2026-02-18T07:53:51.862Z] >>> [apiv2][query] GET https://firestore.googleapis.com/v1/projects/lychee-moving/databases [none]
[debug] [2026-02-18T07:53:53.954Z] <<< [apiv2][status] GET https://firestore.googleapis.com/v1/projects/lychee-moving/databases 200
[debug] [2026-02-18T07:53:53.955Z] <<< [apiv2][body] GET https://firestore.googleapis.com/v1/projects/lychee-moving/databases {"databases":[{"name":"projects/lychee-moving/databases/(default)","uid":"e2b42ead-57d4-4a08-ac8d-04f219654993","createTime":"2026-02-08T04:58:41.540918Z","updateTime":"2026-02-08T04:58:41.540918Z","locationId":"northamerica-northeast2","type":"FIRESTORE_NATIVE","concurrencyMode":"PESSIMISTIC","versionRetentionPeriod":"3600s","earliestVersionTime":"2026-02-18T06:53:53.437093Z","appEngineIntegrationMode":"DISABLED","pointInTimeRecoveryEnablement":"POINT_IN_TIME_RECOVERY_DISABLED","deleteProtectionState":"DELETE_PROTECTION_DISABLED","databaseEdition":"STANDARD","freeTier":true,"realtimeUpdatesMode":"REALTIME_UPDATES_MODE_ENABLED","etag":"ILLBh+rH4pIDMOmBl7+U15ID"}]}
[info] 
[info] Firestore Security Rules allow you to define how and when to allow
[info] requests. You can keep these rules in your project directory
[info] and publish them with firebase deploy.
[info] 
[debug] [2026-02-18T07:54:34.694Z] Checked if tokens are valid: true, expires at: 1771403935787
[debug] [2026-02-18T07:54:34.694Z] Checked if tokens are valid: true, expires at: 1771403935787
[debug] [2026-02-18T07:54:34.694Z] >>> [apiv2][query] GET https://firebaserules.googleapis.com/v1/projects/lychee-moving/releases pageSize=10&pageToken=
[debug] [2026-02-18T07:54:36.726Z] <<< [apiv2][status] GET https://firebaserules.googleapis.com/v1/projects/lychee-moving/releases 200
[debug] [2026-02-18T07:54:36.726Z] <<< [apiv2][body] GET https://firebaserules.googleapis.com/v1/projects/lychee-moving/releases {"releases":[{"name":"projects/lychee-moving/releases/cloud.firestore","rulesetName":"projects/lychee-moving/rulesets/b251c172-d8d5-465e-8db2-0c6165ca07a4","createTime":"2026-02-08T04:58:46.961365Z","updateTime":"2026-02-08T04:58:46.961365Z"}]}
[debug] [2026-02-18T07:54:36.727Z] Checked if tokens are valid: true, expires at: 1771403935787
[debug] [2026-02-18T07:54:36.727Z] Checked if tokens are valid: true, expires at: 1771403935787
[debug] [2026-02-18T07:54:36.727Z] >>> [apiv2][query] GET https://firebaserules.googleapis.com/v1/projects/lychee-moving/rulesets/b251c172-d8d5-465e-8db2-0c6165ca07a4 [none]
[debug] [2026-02-18T07:54:37.115Z] <<< [apiv2][status] GET https://firebaserules.googleapis.com/v1/projects/lychee-moving/rulesets/b251c172-d8d5-465e-8db2-0c6165ca07a4 200
[debug] [2026-02-18T07:54:37.115Z] <<< [apiv2][body] GET https://firebaserules.googleapis.com/v1/projects/lychee-moving/rulesets/b251c172-d8d5-465e-8db2-0c6165ca07a4 [omitted]
[info] i  Downloaded the existing Firestore Security Rules from the Firebase console 
[info] 
[info] Firestore indexes allow you to perform complex queries while
[info] maintaining performance that scales with the size of the result
[info] set. You can keep index definitions in your project directory
[info] and publish them with firebase deploy.
[info] 
[debug] [2026-02-18T07:54:54.439Z] Checked if tokens are valid: true, expires at: 1771403935787
[debug] [2026-02-18T07:54:54.439Z] Checked if tokens are valid: true, expires at: 1771403935787
[debug] [2026-02-18T07:54:54.439Z] Checked if tokens are valid: true, expires at: 1771403935787
[debug] [2026-02-18T07:54:54.439Z] Checked if tokens are valid: true, expires at: 1771403935787
[debug] [2026-02-18T07:54:54.439Z] >>> [apiv2][query] GET https://firestore.googleapis.com/v1/projects/lychee-moving/databases/(default)/collectionGroups/-/indexes [none]
[debug] [2026-02-18T07:54:54.440Z] >>> [apiv2][query] GET https://firestore.googleapis.com/v1/projects/lychee-moving/databases/(default)/collectionGroups/-/fields?filter=indexConfig.usesAncestorConfig=false OR ttlConfig:* [none]
[debug] [2026-02-18T07:54:56.733Z] <<< [apiv2][status] GET https://firestore.googleapis.com/v1/projects/lychee-moving/databases/(default)/collectionGroups/-/indexes 200
[debug] [2026-02-18T07:54:56.733Z] <<< [apiv2][body] GET https://firestore.googleapis.com/v1/projects/lychee-moving/databases/(default)/collectionGroups/-/indexes {}
[debug] [2026-02-18T07:54:56.795Z] <<< [apiv2][status] GET https://firestore.googleapis.com/v1/projects/lychee-moving/databases/(default)/collectionGroups/-/fields?filter=indexConfig.usesAncestorConfig=false OR ttlConfig:* 200
[debug] [2026-02-18T07:54:56.796Z] <<< [apiv2][body] GET https://firestore.googleapis.com/v1/projects/lychee-moving/databases/(default)/collectionGroups/-/fields?filter=indexConfig.usesAncestorConfig=false OR ttlConfig:* {"fields":[{"name":"projects/lychee-moving/databases/(default)/collectionGroups/__default__/fields/*","indexConfig":{"indexes":[{"queryScope":"COLLECTION","fields":[{"fieldPath":"*","order":"ASCENDING"}],"state":"READY"},{"queryScope":"COLLECTION","fields":[{"fieldPath":"*","order":"DESCENDING"}],"state":"READY"},{"queryScope":"COLLECTION","fields":[{"fieldPath":"*","arrayConfig":"CONTAINS"}],"state":"READY"}]}}]}
[info] i  Downloaded the existing Firestore indexes from the Firebase console 
[info] +  Wrote firestore.rules 
[info] +  Wrote firestore.indexes.json 
[info] 
=== Genkit Setup
